2025-03-04 23:33:06 - Debug variables: Array
(
    [showSuccessNotification] => false
    [successMessage] => Your pool reservation has been submitted successfully.
    [showErrorNotification] => false
    [errorMessage] => 
)

2025-03-04 23:33:27 - Debug variables: Array
(
    [showSuccessNotification] => true
    [successMessage] => Your pool reservation has been submitted successfully.
    [showErrorNotification] => false
    [errorMessage] => 
)

2025-03-04 23:33:29 - Debug variables: Array
(
    [showSuccessNotification] => false
    [successMessage] => Your pool reservation has been submitted successfully.
    [showErrorNotification] => false
    [errorMessage] => 
)

2025-03-04 23:38:37 - Debug variables: Array
(
    [showSuccessNotification] => false
    [successMessage] => Your pool reservation has been submitted successfully.
    [showErrorNotification] => false
    [errorMessage] => 
)

2025-03-05 22:49:10 - Debug variables: Array
(
    [showSuccessNotification] => false
    [successMessage] => Your pool reservation has been submitted successfully.
    [showErrorNotification] => false
    [errorMessage] => 
)

2025-03-05 22:49:26 - Debug variables: Array
(
    [showSuccessNotification] => true
    [successMessage] => Your pool reservation has been submitted successfully.
    [showErrorNotification] => false
    [errorMessage] => 
)

2025-03-05 22:49:27 - Debug variables: Array
(
    [showSuccessNotification] => false
    [successMessage] => Your pool reservation has been submitted successfully.
    [showErrorNotification] => false
    [errorMessage] => 
)

2025-03-05 22:49:43 - Debug variables: Array
(
    [showSuccessNotification] => true
    [successMessage] => Your pool reservation has been submitted successfully.
    [showErrorNotification] => false
    [errorMessage] => 
)

2025-03-05 22:49:50 - Debug variables: Array
(
    [showSuccessNotification] => false
    [successMessage] => Your pool reservation has been submitted successfully.
    [showErrorNotification] => false
    [errorMessage] => 
)

2025-03-05 22:49:58 - Debug variables: Array
(
    [showSuccessNotification] => true
    [successMessage] => Your pool reservation has been submitted successfully.
    [showErrorNotification] => false
    [errorMessage] => 
)

2025-03-05 22:52:00 - Debug variables: Array
(
    [showSuccessNotification] => false
    [successMessage] => Your pool reservation has been submitted successfully.
    [showErrorNotification] => false
    [errorMessage] => 
)

2025-03-05 22:52:01 - Debug variables: Array
(
    [showSuccessNotification] => false
    [successMessage] => Your pool reservation has been submitted successfully.
    [showErrorNotification] => false
    [errorMessage] => 
)

2025-03-05 22:52:02 - Debug variables: Array
(
    [showSuccessNotification] => false
    [successMessage] => Your pool reservation has been submitted successfully.
    [showErrorNotification] => false
    [errorMessage] => 
)

2025-03-05 22:52:03 - Debug variables: Array
(
    [showSuccessNotification] => false
    [successMessage] => Your pool reservation has been submitted successfully.
    [showErrorNotification] => false
    [errorMessage] => 
)

2025-03-05 22:54:41 - Debug variables: Array
(
    [showSuccessNotification] => false
    [successMessage] => Your pool reservation has been submitted successfully.
    [showErrorNotification] => false
    [errorMessage] => 
)

2025-03-05 22:55:47 - Debug variables: Array
(
    [showSuccessNotification] => false
    [successMessage] => Your pool reservation has been submitted successfully.
    [showErrorNotification] => false
    [errorMessage] => 
)

2025-03-05 23:09:49 - Debug variables: Array
(
    [showSuccessNotification] => false
    [successMessage] => Your pool reservation has been submitted successfully.
    [showErrorNotification] => false
    [errorMessage] => 
)

2025-03-06 08:11:35 - Debug variables: Array
(
    [showSuccessNotification] => false
    [successMessage] => Your pool reservation has been submitted successfully.
    [showErrorNotification] => false
    [errorMessage] => 
)

2025-03-06 08:12:36 - Debug variables: Array
(
    [showSuccessNotification] => true
    [successMessage] => Your pool reservation has been submitted successfully.
    [showErrorNotification] => false
    [errorMessage] => 
)

2025-03-06 08:12:37 - Debug variables: Array
(
    [showSuccessNotification] => false
    [successMessage] => Your pool reservation has been submitted successfully.
    [showErrorNotification] => false
    [errorMessage] => 
)

2025-03-06 08:16:05 - Debug variables: Array
(
    [showSuccessNotification] => true
    [successMessage] => Your pool reservation has been submitted successfully.
    [showErrorNotification] => false
    [errorMessage] => 
)

2025-03-06 08:27:00 - Debug variables: Array
(
    [showSuccessNotification] => false
    [successMessage] => Your pool reservation has been submitted successfully.
    [showErrorNotification] => false
    [errorMessage] => 
)

2025-03-06 09:01:38 - Debug variables: Array
(
    [showSuccessNotification] => false
    [successMessage] => Your pool reservation has been submitted successfully.
    [showErrorNotification] => false
    [errorMessage] => 
)

2025-03-06 09:01:55 - Debug variables: Array
(
    [showSuccessNotification] => true
    [successMessage] => Your pool reservation has been submitted successfully.
    [showErrorNotification] => false
    [errorMessage] => 
)

2025-03-06 09:01:56 - Debug variables: Array
(
    [showSuccessNotification] => false
    [successMessage] => Your pool reservation has been submitted successfully.
    [showErrorNotification] => false
    [errorMessage] => 
)

2025-03-06 09:40:42 - Debug variables: Array
(
    [showSuccessNotification] => false
    [successMessage] => Your pool reservation has been submitted successfully.
    [showErrorNotification] => false
    [errorMessage] => 
)

2025-03-06 16:01:10 - Debug variables: Array
(
    [showSuccessNotification] => false
    [successMessage] => Your pool reservation has been submitted successfully.
    [showErrorNotification] => false
    [errorMessage] => 
)

2025-03-06 16:01:13 - Debug variables: Array
(
    [showSuccessNotification] => false
    [successMessage] => Your pool reservation has been submitted successfully.
    [showErrorNotification] => false
    [errorMessage] => 
)

2025-03-06 16:02:21 - Debug variables: Array
(
    [showSuccessNotification] => false
    [successMessage] => Your pool reservation has been submitted successfully.
    [showErrorNotification] => false
    [errorMessage] => 
)

2025-03-06 16:08:33 - Debug variables: Array
(
    [showSuccessNotification] => false
    [successMessage] => Your pool reservation has been submitted successfully.
    [showErrorNotification] => false
    [errorMessage] => 
)

2025-03-06 16:08:36 - Debug variables: Array
(
    [showSuccessNotification] => false
    [successMessage] => Your pool reservation has been submitted successfully.
    [showErrorNotification] => false
    [errorMessage] => 
)

2025-03-06 16:11:46 - Debug variables: Array
(
    [showSuccessNotification] => false
    [successMessage] => Your pool reservation has been submitted successfully.
    [showErrorNotification] => false
    [errorMessage] => 
)

2025-03-06 16:11:47 - Debug variables: Array
(
    [showSuccessNotification] => false
    [successMessage] => Your pool reservation has been submitted successfully.
    [showErrorNotification] => false
    [errorMessage] => 
)

2025-03-06 16:17:15 - Debug variables: Array
(
    [showSuccessNotification] => false
    [successMessage] => Your pool reservation has been submitted successfully.
    [showErrorNotification] => false
    [errorMessage] => 
)

2025-03-06 16:31:53 - Debug variables: Array
(
    [showSuccessNotification] => false
    [successMessage] => Your pool reservation has been submitted successfully.
    [showErrorNotification] => false
    [errorMessage] => 
)

2025-03-06 16:31:55 - Debug variables: Array
(
    [showSuccessNotification] => false
    [successMessage] => Your pool reservation has been submitted successfully.
    [showErrorNotification] => false
    [errorMessage] => 
)

2025-03-06 16:31:56 - Debug variables: Array
(
    [showSuccessNotification] => false
    [successMessage] => Your pool reservation has been submitted successfully.
    [showErrorNotification] => false
    [errorMessage] => 
)

2025-03-06 16:31:57 - Debug variables: Array
(
    [showSuccessNotification] => false
    [successMessage] => Your pool reservation has been submitted successfully.
    [showErrorNotification] => false
    [errorMessage] => 
)

2025-03-06 16:31:57 - Debug variables: Array
(
    [showSuccessNotification] => false
    [successMessage] => Your pool reservation has been submitted successfully.
    [showErrorNotification] => false
    [errorMessage] => 
)

2025-03-06 16:31:57 - Debug variables: Array
(
    [showSuccessNotification] => false
    [successMessage] => Your pool reservation has been submitted successfully.
    [showErrorNotification] => false
    [errorMessage] => 
)

2025-03-06 16:31:58 - Debug variables: Array
(
    [showSuccessNotification] => false
    [successMessage] => Your pool reservation has been submitted successfully.
    [showErrorNotification] => false
    [errorMessage] => 
)

2025-03-06 16:31:59 - Debug variables: Array
(
    [showSuccessNotification] => false
    [successMessage] => Your pool reservation has been submitted successfully.
    [showErrorNotification] => false
    [errorMessage] => 
)

2025-03-06 16:32:10 - Debug variables: Array
(
    [showSuccessNotification] => false
    [successMessage] => Your pool reservation has been submitted successfully.
    [showErrorNotification] => false
    [errorMessage] => 
)

2025-03-06 16:32:10 - Debug variables: Array
(
    [showSuccessNotification] => false
    [successMessage] => Your pool reservation has been submitted successfully.
    [showErrorNotification] => false
    [errorMessage] => 
)

2025-03-06 16:32:11 - Debug variables: Array
(
    [showSuccessNotification] => false
    [successMessage] => Your pool reservation has been submitted successfully.
    [showErrorNotification] => false
    [errorMessage] => 
)

2025-03-06 16:32:11 - Debug variables: Array
(
    [showSuccessNotification] => false
    [successMessage] => Your pool reservation has been submitted successfully.
    [showErrorNotification] => false
    [errorMessage] => 
)

2025-03-06 16:33:47 - Debug variables: Array
(
    [showSuccessNotification] => false
    [successMessage] => Your pool reservation has been submitted successfully.
    [showErrorNotification] => false
    [errorMessage] => 
)

2025-03-06 16:33:48 - Debug variables: Array
(
    [showSuccessNotification] => false
    [successMessage] => Your pool reservation has been submitted successfully.
    [showErrorNotification] => false
    [errorMessage] => 
)

2025-03-06 16:33:49 - Debug variables: Array
(
    [showSuccessNotification] => false
    [successMessage] => Your pool reservation has been submitted successfully.
    [showErrorNotification] => false
    [errorMessage] => 
)

2025-03-06 16:33:49 - Debug variables: Array
(
    [showSuccessNotification] => false
    [successMessage] => Your pool reservation has been submitted successfully.
    [showErrorNotification] => false
    [errorMessage] => 
)

2025-03-06 16:33:50 - Debug variables: Array
(
    [showSuccessNotification] => false
    [successMessage] => Your pool reservation has been submitted successfully.
    [showErrorNotification] => false
    [errorMessage] => 
)

2025-03-06 16:35:25 - Debug variables: Array
(
    [showSuccessNotification] => false
    [successMessage] => Your pool reservation has been submitted successfully.
    [showErrorNotification] => false
    [errorMessage] => 
)

2025-03-06 16:39:21 - Debug variables: Array
(
    [showSuccessNotification] => false
    [successMessage] => Your pool reservation has been submitted successfully.
    [showErrorNotification] => false
    [errorMessage] => 
)

2025-03-06 16:47:34 - Debug variables: Array
(
    [showSuccessNotification] => false
    [successMessage] => Your pool reservation has been submitted successfully.
    [showErrorNotification] => false
    [errorMessage] => 
)

2025-03-06 16:47:36 - Debug variables: Array
(
    [showSuccessNotification] => false
    [successMessage] => Your pool reservation has been submitted successfully.
    [showErrorNotification] => false
    [errorMessage] => 
)

2025-03-06 16:48:37 - Debug variables: Array
(
    [showSuccessNotification] => false
    [successMessage] => Your pool reservation has been submitted successfully.
    [showErrorNotification] => false
    [errorMessage] => 
)

2025-03-07 01:48:16 - Debug variables: Array
(
    [showSuccessNotification] => false
    [successMessage] => Your pool reservation has been submitted successfully.
    [showErrorNotification] => false
    [errorMessage] => 
)

2025-03-07 01:52:55 - Debug variables: Array
(
    [showSuccessNotification] => false
    [successMessage] => Your pool reservation has been submitted successfully.
    [showErrorNotification] => false
    [errorMessage] => 
)

2025-03-07 01:53:04 - Debug variables: Array
(
    [showSuccessNotification] => true
    [successMessage] => Your pool reservation has been submitted successfully.
    [showErrorNotification] => false
    [errorMessage] => 
)

2025-03-07 01:53:04 - Debug variables: Array
(
    [showSuccessNotification] => false
    [successMessage] => Your pool reservation has been submitted successfully.
    [showErrorNotification] => false
    [errorMessage] => 
)

2025-03-07 01:53:30 - Debug variables: Array
(
    [showSuccessNotification] => false
    [successMessage] => Your pool reservation has been submitted successfully.
    [showErrorNotification] => false
    [errorMessage] => 
)

2025-03-08 00:11:16 - Debug variables: Array
(
    [showSuccessNotification] => false
    [successMessage] => Your pool reservation has been submitted successfully.
    [showErrorNotification] => false
    [errorMessage] => 
)

2025-03-08 00:11:57 - Debug variables: Array
(
    [showSuccessNotification] => false
    [successMessage] => Your pool reservation has been submitted successfully.
    [showErrorNotification] => false
    [errorMessage] => 
)

2025-03-08 00:12:08 - Debug variables: Array
(
    [showSuccessNotification] => true
    [successMessage] => Your pool reservation has been submitted successfully.
    [showErrorNotification] => false
    [errorMessage] => 
)

2025-03-08 00:12:09 - Debug variables: Array
(
    [showSuccessNotification] => false
    [successMessage] => Your pool reservation has been submitted successfully.
    [showErrorNotification] => false
    [errorMessage] => 
)

2025-03-08 01:20:34 - Debug variables: Array
(
    [showSuccessNotification] => false
    [successMessage] => Your pool reservation has been submitted successfully.
    [showErrorNotification] => false
    [errorMessage] => 
)

2025-03-08 02:02:56 - Debug variables: Array
(
    [showSuccessNotification] => false
    [successMessage] => Your pool reservation has been submitted successfully.
    [showErrorNotification] => false
    [errorMessage] => 
)

2025-03-08 10:12:13 - Debug variables: Array
(
    [showSuccessNotification] => false
    [successMessage] => Your pool reservation has been submitted successfully.
    [showErrorNotification] => false
    [errorMessage] => 
)

2025-03-08 10:12:25 - Debug variables: Array
(
    [showSuccessNotification] => true
    [successMessage] => Your pool reservation has been submitted successfully.
    [showErrorNotification] => false
    [errorMessage] => 
)

2025-03-08 10:12:26 - Debug variables: Array
(
    [showSuccessNotification] => false
    [successMessage] => Your pool reservation has been submitted successfully.
    [showErrorNotification] => false
    [errorMessage] => 
)

2025-03-09 13:09:54 - Debug variables: Array
(
    [showSuccessNotification] => false
    [successMessage] => Your pool reservation has been submitted successfully.
    [showErrorNotification] => false
    [errorMessage] => 
)

2025-03-09 13:10:05 - Debug variables: Array
(
    [showSuccessNotification] => true
    [successMessage] => Your pool reservation has been submitted successfully.
    [showErrorNotification] => false
    [errorMessage] => 
)

2025-03-09 13:10:06 - Debug variables: Array
(
    [showSuccessNotification] => false
    [successMessage] => Your pool reservation has been submitted successfully.
    [showErrorNotification] => false
    [errorMessage] => 
)

2025-03-09 22:04:15 - Debug variables: Array
(
    [showSuccessNotification] => false
    [successMessage] => Your pool reservation has been submitted successfully.
    [showErrorNotification] => false
    [errorMessage] => 
)

2025-03-09 22:13:40 - Debug variables: Array
(
    [showSuccessNotification] => false
    [successMessage] => Your pool reservation has been submitted successfully.
    [showErrorNotification] => false
    [errorMessage] => 
)

2025-03-14 01:47:09 - Debug variables: Array
(
    [showSuccessNotification] => false
    [successMessage] => Your pool reservation has been submitted successfully.
    [showErrorNotification] => false
    [errorMessage] => 
)

2025-03-14 01:47:19 - Debug variables: Array
(
    [showSuccessNotification] => true
    [successMessage] => Your pool reservation has been submitted successfully.
    [showErrorNotification] => false
    [errorMessage] => 
)

2025-03-14 01:47:20 - Debug variables: Array
(
    [showSuccessNotification] => false
    [successMessage] => Your pool reservation has been submitted successfully.
    [showErrorNotification] => false
    [errorMessage] => 
)

2025-03-14 01:47:21 - Debug variables: Array
(
    [showSuccessNotification] => false
    [successMessage] => Your pool reservation has been submitted successfully.
    [showErrorNotification] => false
    [errorMessage] => 
)

2025-03-18 00:08:21 - Debug variables: Array
(
    [showSuccessNotification] => false
    [successMessage] => Your pool reservation has been submitted successfully.
    [showErrorNotification] => false
    [errorMessage] => 
)

2025-03-20 01:19:28 - Debug variables: Array
(
    [showSuccessNotification] => false
    [successMessage] => Your pool reservation has been submitted successfully.
    [showErrorNotification] => false
    [errorMessage] => 
)

2025-03-23 21:03:36 - Debug variables: Array
(
    [showSuccessNotification] => false
    [successMessage] => Your pool reservation has been submitted successfully.
    [showErrorNotification] => false
    [errorMessage] => 
)

2025-03-23 21:07:28 - Debug variables: Array
(
    [showSuccessNotification] => true
    [successMessage] => Your pool reservation has been submitted successfully.
    [showErrorNotification] => false
    [errorMessage] => 
)

2025-03-23 21:07:30 - Debug variables: Array
(
    [showSuccessNotification] => false
    [successMessage] => Your pool reservation has been submitted successfully.
    [showErrorNotification] => false
    [errorMessage] => 
)

2025-03-23 21:07:33 - Debug variables: Array
(
    [showSuccessNotification] => false
    [successMessage] => Your pool reservation has been submitted successfully.
    [showErrorNotification] => false
    [errorMessage] => 
)

2025-03-24 23:30:58 - Debug variables: Array
(
    [showSuccessNotification] => false
    [successMessage] => Your pool reservation has been submitted successfully.
    [showErrorNotification] => false
    [errorMessage] => 
)

2025-03-24 23:31:54 - Debug variables: Array
(
    [showSuccessNotification] => false
    [successMessage] => Your pool reservation has been submitted successfully.
    [showErrorNotification] => false
    [errorMessage] => 
)

2025-03-24 23:48:58 - Debug variables: Array
(
    [showSuccessNotification] => false
    [successMessage] => Your pool reservation has been submitted successfully.
    [showErrorNotification] => false
    [errorMessage] => 
)

2025-04-03 18:24:46 - Debug variables: Array
(
    [showSuccessNotification] => false
    [successMessage] => Your pool reservation has been submitted successfully.
    [showErrorNotification] => false
    [errorMessage] => 
)

2025-04-03 18:25:44 - Debug variables: Array
(
    [showSuccessNotification] => true
    [successMessage] => Your pool reservation has been submitted successfully.
    [showErrorNotification] => false
    [errorMessage] => 
)

2025-04-03 18:25:45 - Debug variables: Array
(
    [showSuccessNotification] => false
    [successMessage] => Your pool reservation has been submitted successfully.
    [showErrorNotification] => false
    [errorMessage] => 
)

2025-04-03 18:25:53 - Debug variables: Array
(
    [showSuccessNotification] => false
    [successMessage] => Your pool reservation has been submitted successfully.
    [showErrorNotification] => false
    [errorMessage] => 
)

2025-04-03 18:26:02 - Debug variables: Array
(
    [showSuccessNotification] => false
    [successMessage] => Your pool reservation has been submitted successfully.
    [showErrorNotification] => false
    [errorMessage] => 
)

2025-04-03 18:36:29 - Debug variables: Array
(
    [showSuccessNotification] => false
    [successMessage] => Your pool reservation has been submitted successfully.
    [showErrorNotification] => false
    [errorMessage] => 
)

2025-04-03 18:37:00 - Debug variables: Array
(
    [showSuccessNotification] => true
    [successMessage] => Your pool reservation has been submitted successfully.
    [showErrorNotification] => false
    [errorMessage] => 
)

2025-04-03 18:37:03 - Debug variables: Array
(
    [showSuccessNotification] => false
    [successMessage] => Your pool reservation has been submitted successfully.
    [showErrorNotification] => false
    [errorMessage] => 
)

2025-04-03 18:37:05 - Debug variables: Array
(
    [showSuccessNotification] => false
    [successMessage] => Your pool reservation has been submitted successfully.
    [showErrorNotification] => false
    [errorMessage] => 
)

2025-04-07 22:34:39 - Debug variables: Array
(
    [showSuccessNotification] => false
    [successMessage] => Your pool reservation has been submitted successfully.
    [showErrorNotification] => false
    [errorMessage] => 
)

2025-04-08 03:53:46 - Debug variables: Array
(
    [showSuccessNotification] => false
    [successMessage] => Your pool reservation has been submitted successfully.
    [showErrorNotification] => false
    [errorMessage] => 
)

2025-04-08 03:54:30 - Debug variables: Array
(
    [showSuccessNotification] => true
    [successMessage] => Your pool reservation has been submitted successfully.
    [showErrorNotification] => false
    [errorMessage] => 
)

2025-04-08 03:54:33 - Debug variables: Array
(
    [showSuccessNotification] => false
    [successMessage] => Your pool reservation has been submitted successfully.
    [showErrorNotification] => false
    [errorMessage] => 
)

2025-04-13 14:00:22 - Debug variables: Array
(
    [showSuccessNotification] => false
    [successMessage] => Your pool reservation has been submitted successfully.
    [showErrorNotification] => false
    [errorMessage] => 
)

