2025-03-04 23:33:27 - Form submission received
2025-03-04 23:33:27 - Form data received: Array
(
    [Resident_Code] => C2210219
    [user_type] => Owner
    [tower_unit] => C 221
    [schedule] => 2025-03-06T23:33
    [first_names] => Array
        (
            [0] => Tricia Mae
        )

    [last_names] => Array
        (
            [0] => Zantua
        )

)

2025-03-04 23:33:27 - Names JSON format: [{"first_name":"Tricia Mae","last_name":"Zantua"}]
2025-03-04 23:33:27 - About to execute statement with JSON data
2025-03-04 23:33:27 - Pool reservation inserted with ID: 8
2025-03-04 23:33:27 - About to insert into servicerequests table
2025-03-04 23:33:27 - Service request entry created successfully
2025-03-04 23:33:27 - Insert successful
2025-03-05 22:49:26 - Form submission received
2025-03-05 22:49:26 - Form data received: Array
(
    [Resident_Code] => C2210219
    [user_type] => Owner
    [tower_unit] => C 221
    [schedule] => 2025-03-05T22:51
    [first_names] => Array
        (
            [0] => Tricia Mae
        )

    [last_names] => Array
        (
            [0] => Cruz Zantua
        )

)

2025-03-05 22:49:26 - Names JSON format: [{"first_name":"Tricia Mae","last_name":"Cruz Zantua"}]
2025-03-05 22:49:26 - About to execute statement with JSON data
2025-03-05 22:49:26 - Pool reservation inserted with ID: 9
2025-03-05 22:49:26 - About to insert into servicerequests table
2025-03-05 22:49:26 - Service request entry created successfully
2025-03-05 22:49:26 - Insert successful
2025-03-05 22:49:43 - Form submission received
2025-03-05 22:49:43 - Form data received: Array
(
    [Resident_Code] => C2210219
    [user_type] => Owner
    [tower_unit] => C 221
    [schedule] => 2025-03-05T22:49
    [first_names] => Array
        (
            [0] => Tricia Mae
        )

    [last_names] => Array
        (
            [0] => Cruz Zantua
        )

)

2025-03-05 22:49:43 - Names JSON format: [{"first_name":"Tricia Mae","last_name":"Cruz Zantua"}]
2025-03-05 22:49:43 - About to execute statement with JSON data
2025-03-05 22:49:43 - Pool reservation inserted with ID: 10
2025-03-05 22:49:43 - About to insert into servicerequests table
2025-03-05 22:49:43 - Service request entry created successfully
2025-03-05 22:49:43 - Insert successful
2025-03-05 22:49:58 - Form submission received
2025-03-05 22:49:58 - Form data received: Array
(
    [Resident_Code] => C2210219
    [user_type] => Owner
    [tower_unit] => C 221
    [schedule] => 2025-03-05T22:49
    [first_names] => Array
        (
            [0] => Tricia Mae
        )

    [last_names] => Array
        (
            [0] => Cruz Zantua
        )

)

2025-03-05 22:49:58 - Names JSON format: [{"first_name":"Tricia Mae","last_name":"Cruz Zantua"}]
2025-03-05 22:49:58 - About to execute statement with JSON data
2025-03-05 22:49:58 - Pool reservation inserted with ID: 11
2025-03-05 22:49:58 - About to insert into servicerequests table
2025-03-05 22:49:58 - Service request entry created successfully
2025-03-05 22:49:58 - Insert successful
2025-03-06 08:12:36 - Form submission received
2025-03-06 08:12:36 - Form data received: Array
(
    [Resident_Code] => C2210219
    [user_type] => Owner
    [tower_unit] => C 221
    [schedule] => 2025-03-06T08:12
    [first_names] => Array
        (
            [0] => Owari
        )

    [last_names] => Array
        (
            [0] => Kumori
        )

)

2025-03-06 08:12:36 - Names JSON format: [{"first_name":"Owari","last_name":"Kumori"}]
2025-03-06 08:12:36 - About to execute statement with JSON data
2025-03-06 08:12:36 - Pool reservation inserted with ID: 12
2025-03-06 08:12:36 - About to insert into servicerequests table
2025-03-06 08:12:36 - Service request entry created successfully
2025-03-06 08:12:36 - Insert successful
2025-03-06 08:16:05 - Form submission received
2025-03-06 08:16:05 - Form data received: Array
(
    [Resident_Code] => C2210219
    [user_type] => Owner
    [tower_unit] => C 221
    [schedule] => 2025-03-06T08:16
    [first_names] => Array
        (
            [0] => Tricia Mae
        )

    [last_names] => Array
        (
            [0] => Cruz Zantua
        )

)

2025-03-06 08:16:05 - Names JSON format: [{"first_name":"Tricia Mae","last_name":"Cruz Zantua"}]
2025-03-06 08:16:05 - About to execute statement with JSON data
2025-03-06 08:16:05 - Pool reservation inserted with ID: 13
2025-03-06 08:16:05 - About to insert into servicerequests table
2025-03-06 08:16:05 - Service request entry created successfully
2025-03-06 08:16:05 - Insert successful
2025-03-06 09:01:55 - Form submission received
2025-03-06 09:01:55 - Form data received: Array
(
    [Resident_Code] => C2210219
    [user_type] => Owner
    [tower_unit] => C 221
    [schedule] => 2025-03-06T09:01
    [first_names] => Array
        (
            [0] => Tricia Mae
        )

    [last_names] => Array
        (
            [0] => Cruz Zantua
        )

)

2025-03-06 09:01:55 - Names JSON format: [{"first_name":"Tricia Mae","last_name":"Cruz Zantua"}]
2025-03-06 09:01:55 - About to execute statement with JSON data
2025-03-06 09:01:55 - Pool reservation inserted with ID: 14
2025-03-06 09:01:55 - About to insert into servicerequests table
2025-03-06 09:01:55 - Service request entry created successfully
2025-03-06 09:01:55 - Insert successful
2025-03-07 01:53:03 - Form submission received
2025-03-07 01:53:03 - Form data received: Array
(
    [Resident_Code] => C2210219
    [user_type] => Owner
    [tower_unit] => C 221
    [schedule] => 2025-03-20T01:52
    [first_names] => Array
        (
            [0] => Test1
        )

    [last_names] => Array
        (
            [0] => Test1
        )

    [user_id] => 
)

2025-03-07 01:53:03 - Names JSON format: [{"first_name":"Test1","last_name":"Test1"}]
2025-03-07 01:53:03 - About to execute statement with JSON data and user_id: 1
2025-03-07 01:53:03 - Pool reservation inserted with ID: 15
2025-03-07 01:53:03 - About to insert into servicerequests table with user_id: 1
2025-03-07 01:53:03 - Service request entry created successfully
2025-03-07 01:53:04 - Insert successful
2025-03-08 00:12:08 - Form submission received
2025-03-08 00:12:08 - Form data received: Array
(
    [Resident_Code] => C2210219
    [user_type] => Owner
    [tower_unit] => C 221
    [schedule] => 2025-03-08T00:18
    [first_names] => Array
        (
            [0] => Test1
        )

    [last_names] => Array
        (
            [0] => tset
        )

    [user_id] => 
)

2025-03-08 00:12:08 - Names JSON format: [{"first_name":"Test1","last_name":"tset"}]
2025-03-08 00:12:08 - About to execute statement with JSON data and user_id: 1
2025-03-08 00:12:08 - Pool reservation inserted with ID: 16
2025-03-08 00:12:08 - About to insert into servicerequests table with user_id: 1
2025-03-08 00:12:08 - Service request entry created successfully
2025-03-08 00:12:08 - Insert successful
2025-03-08 10:12:25 - Form submission received
2025-03-08 10:12:25 - Form data received: Array
(
    [Resident_Code] => A8410921
    [user_type] => Owner
    [tower_unit] => A 841
    [schedule] => 2025-03-10T10:12
    [first_names] => Array
        (
            [0] => BRUH
        )

    [last_names] => Array
        (
            [0] => Test1
        )

    [user_id] => 
)

2025-03-08 10:12:25 - Names JSON format: [{"first_name":"BRUH","last_name":"Test1"}]
2025-03-08 10:12:25 - About to execute statement with JSON data and user_id: 2
2025-03-08 10:12:25 - Pool reservation inserted with ID: 17
2025-03-08 10:12:25 - About to insert into servicerequests table with user_id: 2
2025-03-08 10:12:25 - Service request entry created successfully
2025-03-08 10:12:25 - Insert successful
2025-03-09 13:10:05 - Form submission received
2025-03-09 13:10:05 - Form data received: Array
(
    [Resident_Code] => A8410921
    [user_type] => Owner
    [tower_unit] => A 841
    [schedule] => 2025-04-04T13:09
    [first_names] => Array
        (
            [0] => Test
        )

    [last_names] => Array
        (
            [0] => TEst
        )

    [user_id] => 
)

2025-03-09 13:10:05 - Names JSON format: [{"first_name":"Test","last_name":"TEst"}]
2025-03-09 13:10:05 - About to execute statement with JSON data and user_id: 2
2025-03-09 13:10:05 - Pool reservation inserted with ID: 18
2025-03-09 13:10:05 - About to insert into servicerequests table with user_id: 2
2025-03-09 13:10:05 - Service request entry created successfully
2025-03-09 13:10:05 - Insert successful
2025-03-14 01:47:19 - Form submission received
2025-03-14 01:47:19 - Form data received: Array
(
    [Resident_Code] => A8410921
    [user_type] => Owner
    [tower_unit] => A 841
    [schedule] => 2025-03-14T04:47
    [first_names] => Array
        (
            [0] => tsest
        )

    [last_names] => Array
        (
            [0] => tset
        )

    [user_id] => 
)

2025-03-14 01:47:19 - Names JSON format: [{"first_name":"tsest","last_name":"tset"}]
2025-03-14 01:47:19 - About to execute statement with JSON data and user_id: 2
2025-03-14 01:47:19 - Pool reservation inserted with ID: 19
2025-03-14 01:47:19 - About to insert into servicerequests table with user_id: 2
2025-03-14 01:47:19 - Service request entry created successfully
2025-03-14 01:47:19 - Insert successful
2025-03-23 21:07:27 - Form submission received
2025-03-23 21:07:27 - Form data received: Array
(
    [Resident_Code] => A8410921
    [user_type] => Owner
    [tower_unit] => A 841
    [schedule] => 2025-03-24T21:06
    [first_names] => Array
        (
            [0] => ARA
            [1] => mochi
            [2] => xie
        )

    [last_names] => Array
        (
            [0] => MANZALA
            [1] => mochi
            [2] => xie
        )

    [user_id] => 
)

2025-03-23 21:07:27 - Names JSON format: [{"first_name":"ARA","last_name":"MANZALA"},{"first_name":"mochi","last_name":"mochi"},{"first_name":"xie","last_name":"xie"}]
2025-03-23 21:07:27 - About to execute statement with JSON data and user_id: 2
2025-03-23 21:07:27 - Pool reservation inserted with ID: 20
2025-03-23 21:07:27 - About to insert into servicerequests table with user_id: 2
2025-03-23 21:07:27 - Service request entry created successfully
2025-03-23 21:07:27 - Insert successful
2025-04-03 18:25:44 - Form submission received
2025-04-03 18:25:44 - Form data received: Array
(
    [Resident_Code] => A8410921
    [user_type] => Owner
    [tower_unit] => A 841
    [schedule] => 2025-04-05T09:00
    [first_names] => Array
        (
            [0] => jan
            [1] => ncl
        )

    [last_names] => Array
        (
            [0] => salas
            [1] => salas
        )

    [user_id] => 
)

2025-04-03 18:25:44 - Names JSON format: [{"first_name":"jan","last_name":"salas"},{"first_name":"ncl","last_name":"salas"}]
2025-04-03 18:25:44 - About to execute statement with JSON data and user_id: 2
2025-04-03 18:25:44 - Pool reservation inserted with ID: 21
2025-04-03 18:25:44 - About to insert into servicerequests table with user_id: 2
2025-04-03 18:25:44 - Service request entry created successfully
2025-04-03 18:25:44 - Insert successful
2025-04-03 18:37:00 - Form submission received
2025-04-03 18:37:00 - Form data received: Array
(
    [Resident_Code] => A8410921
    [user_type] => Owner
    [tower_unit] => A 841
    [schedule] => 2025-04-15T21:28
    [first_names] => Array
        (
            [0] => ira
            [1] => ann
        )

    [last_names] => Array
        (
            [0] => d
            [1] => d
        )

    [user_id] => 
)

2025-04-03 18:37:00 - Names JSON format: [{"first_name":"ira","last_name":"d"},{"first_name":"ann","last_name":"d"}]
2025-04-03 18:37:00 - About to execute statement with JSON data and user_id: 2
2025-04-03 18:37:00 - Pool reservation inserted with ID: 22
2025-04-03 18:37:00 - About to insert into servicerequests table with user_id: 2
2025-04-03 18:37:00 - Service request entry created successfully
2025-04-03 18:37:00 - Insert successful
2025-04-08 03:54:30 - Form submission received
2025-04-08 03:54:30 - Form data received: Array
(
    [Resident_Code] => A1290125
    [user_type] => Tenant
    [tower_unit] => A 129
    [schedule] => 2025-04-11T10:00
    [first_names] => Array
        (
            [0] => Ford
        )

    [last_names] => Array
        (
            [0] => David
        )

    [user_id] => 
)

2025-04-08 03:54:30 - Names JSON format: [{"first_name":"Ford","last_name":"David"}]
2025-04-08 03:54:30 - About to execute statement with JSON data and user_id: 20
2025-04-08 03:54:30 - Pool reservation inserted with ID: 23
2025-04-08 03:54:30 - About to insert into servicerequests table with user_id: 20
2025-04-08 03:54:30 - Service request entry created successfully
2025-04-08 03:54:30 - Insert successful
